2016-06-11 09:39:35,357 WARN org.apache.hadoop.util.NativeCodeLoader: Unable to load native-hadoop library for your platform... using builtin-java classes where applicable
2016-06-11 09:54:52,575 WARN org.apache.hadoop.util.NativeCodeLoader: Unable to load native-hadoop library for your platform... using builtin-java classes where applicable
2016-06-11 10:03:16,951 WARN org.apache.hadoop.util.NativeCodeLoader: Unable to load native-hadoop library for your platform... using builtin-java classes where applicable
2016-06-11 10:03:17,706 INFO org.apache.hadoop.conf.Configuration.deprecation: session.id is deprecated. Instead, use dfs.metrics.session-id
2016-06-11 10:03:17,707 INFO org.apache.hadoop.metrics.jvm.JvmMetrics: Initializing JVM Metrics with processName=JobTracker, sessionId=
2016-06-11 10:03:18,605 WARN org.apache.hadoop.mapreduce.JobResourceUploader: No job jar file set.  User classes may not be found. See Job or Job#setJar(String).
2016-06-11 10:03:18,631 INFO org.apache.hadoop.mapreduce.lib.input.FileInputFormat: Total input paths to process : 1
2016-06-11 10:03:18,682 INFO org.apache.hadoop.mapreduce.JobSubmitter: number of splits:1
2016-06-11 10:03:18,997 INFO org.apache.hadoop.mapreduce.JobSubmitter: Submitting tokens for job: job_local265447176_0001
2016-06-11 10:03:19,698 INFO org.apache.hadoop.mapreduce.Job: The url to track the job: http://localhost:8080/
2016-06-11 10:03:19,699 INFO org.apache.hadoop.mapreduce.Job: Running job: job_local265447176_0001
2016-06-11 10:03:19,705 INFO org.apache.hadoop.mapred.LocalJobRunner: OutputCommitter set in config null
2016-06-11 10:03:19,721 INFO org.apache.hadoop.mapreduce.lib.output.FileOutputCommitter: File Output Committer Algorithm version is 1
2016-06-11 10:03:19,723 INFO org.apache.hadoop.mapred.LocalJobRunner: OutputCommitter is org.apache.hadoop.mapreduce.lib.output.FileOutputCommitter
2016-06-11 10:03:19,851 INFO org.apache.hadoop.mapred.LocalJobRunner: Waiting for map tasks
2016-06-11 10:03:19,852 INFO org.apache.hadoop.mapred.LocalJobRunner: Starting task: attempt_local265447176_0001_m_000000_0
2016-06-11 10:03:19,895 INFO org.apache.hadoop.mapreduce.lib.output.FileOutputCommitter: File Output Committer Algorithm version is 1
2016-06-11 10:03:19,916 INFO org.apache.hadoop.mapred.Task:  Using ResourceCalculatorProcessTree : [ ]
2016-06-11 10:03:19,920 INFO org.apache.hadoop.mapred.MapTask: Processing split: file:/home/cloudera/wordcount/text2.txt:0+608
2016-06-11 10:03:20,448 INFO org.apache.hadoop.mapred.MapTask: (EQUATOR) 0 kvi 26214396(104857584)
2016-06-11 10:03:20,448 INFO org.apache.hadoop.mapred.MapTask: mapreduce.task.io.sort.mb: 100
2016-06-11 10:03:20,448 INFO org.apache.hadoop.mapred.MapTask: soft limit at 83886080
2016-06-11 10:03:20,448 INFO org.apache.hadoop.mapred.MapTask: bufstart = 0; bufvoid = 104857600
2016-06-11 10:03:20,449 INFO org.apache.hadoop.mapred.MapTask: kvstart = 26214396; length = 6553600
2016-06-11 10:03:20,454 INFO org.apache.hadoop.mapred.MapTask: Map output collector class = org.apache.hadoop.mapred.MapTask$MapOutputBuffer
2016-06-11 10:03:20,464 INFO org.apache.hadoop.mapred.LocalJobRunner: 
2016-06-11 10:03:20,464 INFO org.apache.hadoop.mapred.MapTask: Starting flush of map output
2016-06-11 10:03:20,464 INFO org.apache.hadoop.mapred.MapTask: Spilling map output
2016-06-11 10:03:20,465 INFO org.apache.hadoop.mapred.MapTask: bufstart = 0; bufend = 976; bufvoid = 104857600
2016-06-11 10:03:20,465 INFO org.apache.hadoop.mapred.MapTask: kvstart = 26214396(104857584); kvend = 26214032(104856128); length = 365/6553600
2016-06-11 10:03:20,487 INFO org.apache.hadoop.mapred.MapTask: Finished spill 0
2016-06-11 10:03:20,491 INFO org.apache.hadoop.mapred.Task: Task:attempt_local265447176_0001_m_000000_0 is done. And is in the process of committing
2016-06-11 10:03:20,498 INFO org.apache.hadoop.mapred.LocalJobRunner: map
2016-06-11 10:03:20,503 INFO org.apache.hadoop.mapred.Task: Task 'attempt_local265447176_0001_m_000000_0' done.
2016-06-11 10:03:20,504 INFO org.apache.hadoop.mapred.LocalJobRunner: Finishing task: attempt_local265447176_0001_m_000000_0
2016-06-11 10:03:20,505 INFO org.apache.hadoop.mapred.LocalJobRunner: map task executor complete.
2016-06-11 10:03:20,514 INFO org.apache.hadoop.mapred.LocalJobRunner: Waiting for reduce tasks
2016-06-11 10:03:20,515 INFO org.apache.hadoop.mapred.LocalJobRunner: Starting task: attempt_local265447176_0001_r_000000_0
2016-06-11 10:03:20,527 INFO org.apache.hadoop.mapreduce.lib.output.FileOutputCommitter: File Output Committer Algorithm version is 1
2016-06-11 10:03:20,528 INFO org.apache.hadoop.mapred.Task:  Using ResourceCalculatorProcessTree : [ ]
2016-06-11 10:03:20,533 INFO org.apache.hadoop.mapred.ReduceTask: Using ShuffleConsumerPlugin: org.apache.hadoop.mapreduce.task.reduce.Shuffle@1e5a2879
2016-06-11 10:03:20,549 INFO org.apache.hadoop.mapreduce.task.reduce.MergeManagerImpl: MergerManager: memoryLimit=1397817344, maxSingleShuffleLimit=349454336, mergeThreshold=922559488, ioSortFactor=10, memToMemMergeOutputsThreshold=10
2016-06-11 10:03:20,558 INFO org.apache.hadoop.mapreduce.task.reduce.EventFetcher: attempt_local265447176_0001_r_000000_0 Thread started: EventFetcher for fetching Map Completion Events
2016-06-11 10:03:20,602 INFO org.apache.hadoop.mapreduce.task.reduce.LocalFetcher: localfetcher#1 about to shuffle output of map attempt_local265447176_0001_m_000000_0 decomp: 983 len: 987 to MEMORY
2016-06-11 10:03:20,607 INFO org.apache.hadoop.mapreduce.task.reduce.InMemoryMapOutput: Read 983 bytes from map-output for attempt_local265447176_0001_m_000000_0
2016-06-11 10:03:20,609 INFO org.apache.hadoop.mapreduce.task.reduce.MergeManagerImpl: closeInMemoryFile -> map-output of size: 983, inMemoryMapOutputs.size() -> 1, commitMemory -> 0, usedMemory ->983
2016-06-11 10:03:20,610 INFO org.apache.hadoop.mapreduce.task.reduce.EventFetcher: EventFetcher is interrupted.. Returning
2016-06-11 10:03:20,611 INFO org.apache.hadoop.mapred.LocalJobRunner: 1 / 1 copied.
2016-06-11 10:03:20,612 INFO org.apache.hadoop.mapreduce.task.reduce.MergeManagerImpl: finalMerge called with 1 in-memory map-outputs and 0 on-disk map-outputs
2016-06-11 10:03:20,619 INFO org.apache.hadoop.mapred.Merger: Merging 1 sorted segments
2016-06-11 10:03:20,620 INFO org.apache.hadoop.mapred.Merger: Down to the last merge-pass, with 1 segments left of total size: 972 bytes
2016-06-11 10:03:20,622 INFO org.apache.hadoop.mapreduce.task.reduce.MergeManagerImpl: Merged 1 segments, 983 bytes to disk to satisfy reduce memory limit
2016-06-11 10:03:20,623 INFO org.apache.hadoop.mapreduce.task.reduce.MergeManagerImpl: Merging 1 files, 987 bytes from disk
2016-06-11 10:03:20,624 INFO org.apache.hadoop.mapreduce.task.reduce.MergeManagerImpl: Merging 0 segments, 0 bytes from memory into reduce
2016-06-11 10:03:20,624 INFO org.apache.hadoop.mapred.Merger: Merging 1 sorted segments
2016-06-11 10:03:20,624 INFO org.apache.hadoop.mapred.Merger: Down to the last merge-pass, with 1 segments left of total size: 972 bytes
2016-06-11 10:03:20,625 INFO org.apache.hadoop.mapred.LocalJobRunner: 1 / 1 copied.
2016-06-11 10:03:20,631 INFO org.apache.hadoop.conf.Configuration.deprecation: mapred.skip.on is deprecated. Instead, use mapreduce.job.skiprecords
2016-06-11 10:03:20,638 INFO org.apache.hadoop.mapred.Task: Task:attempt_local265447176_0001_r_000000_0 is done. And is in the process of committing
2016-06-11 10:03:20,643 INFO org.apache.hadoop.mapred.LocalJobRunner: 1 / 1 copied.
2016-06-11 10:03:20,643 INFO org.apache.hadoop.mapred.Task: Task attempt_local265447176_0001_r_000000_0 is allowed to commit now
2016-06-11 10:03:20,646 INFO org.apache.hadoop.mapreduce.lib.output.FileOutputCommitter: Saved output of task 'attempt_local265447176_0001_r_000000_0' to file:/home/cloudera/wordcount/output_practice4/_temporary/0/task_local265447176_0001_r_000000
2016-06-11 10:03:20,648 INFO org.apache.hadoop.mapred.LocalJobRunner: reduce > reduce
2016-06-11 10:03:20,648 INFO org.apache.hadoop.mapred.Task: Task 'attempt_local265447176_0001_r_000000_0' done.
2016-06-11 10:03:20,649 INFO org.apache.hadoop.mapred.LocalJobRunner: Finishing task: attempt_local265447176_0001_r_000000_0
2016-06-11 10:03:20,650 INFO org.apache.hadoop.mapred.LocalJobRunner: reduce task executor complete.
2016-06-11 10:03:20,702 INFO org.apache.hadoop.mapreduce.Job: Job job_local265447176_0001 running in uber mode : false
2016-06-11 10:03:20,703 INFO org.apache.hadoop.mapreduce.Job:  map 100% reduce 100%
2016-06-11 10:03:20,705 INFO org.apache.hadoop.mapreduce.Job: Job job_local265447176_0001 completed successfully
2016-06-11 10:03:20,722 INFO org.apache.hadoop.mapreduce.Job: Counters: 30
	File System Counters
		FILE: Number of bytes read=3542
		FILE: Number of bytes written=539354
		FILE: Number of read operations=0
		FILE: Number of large read operations=0
		FILE: Number of write operations=0
	Map-Reduce Framework
		Map input records=1
		Map output records=92
		Map output bytes=976
		Map output materialized bytes=987
		Input split bytes=104
		Combine input records=92
		Combine output records=74
		Reduce input groups=74
		Reduce shuffle bytes=987
		Reduce input records=74
		Reduce output records=74
		Spilled Records=148
		Shuffled Maps =1
		Failed Shuffles=0
		Merged Map outputs=1
		GC time elapsed (ms)=50
		Total committed heap usage (bytes)=459415552
	Shuffle Errors
		BAD_ID=0
		CONNECTION=0
		IO_ERROR=0
		WRONG_LENGTH=0
		WRONG_MAP=0
		WRONG_REDUCE=0
	File Input Format Counters 
		Bytes Read=608
	File Output Format Counters 
		Bytes Written=701
2016-06-11 11:27:50,998 WARN org.apache.hadoop.util.NativeCodeLoader: Unable to load native-hadoop library for your platform... using builtin-java classes where applicable
2016-06-11 13:01:51,219 WARN org.apache.hadoop.util.NativeCodeLoader: Unable to load native-hadoop library for your platform... using builtin-java classes where applicable
2016-06-11 13:37:06,324 WARN org.apache.hadoop.util.NativeCodeLoader: Unable to load native-hadoop library for your platform... using builtin-java classes where applicable
2016-06-11 13:37:15,566 WARN org.apache.hadoop.util.NativeCodeLoader: Unable to load native-hadoop library for your platform... using builtin-java classes where applicable
